Using pre-set license
Built from '2020.2/release' branch; Version is '2020.2.1f1 (270dd8c3da1c) revision 2559448'; Using compiler version '192528614'; Build Type 'Release'
OS: 'Windows 10  (10.0.0) 64bit' Language: 'ru' Physical Memory: 8124 MB
BatchMode: 1, IsHumanControllingUs: 0, StartBugReporterOnCrash: 0, Is64bit: 1, IsPro: 0

 COMMAND LINE ARGUMENTS:
C:\Unity\2020.2.1f1\Editor\Unity.exe
-adb2
-batchMode
-noUpm
-name
AssetImportWorker0
-projectPath
C:/Users/Admin/Desktop/SkillBox/Blacksmith/blacksmith/Blacksmith_client
-logFile
Logs/AssetImportWorker0.log
-srvPort
61243
Successfully changed project path to: C:/Users/Admin/Desktop/SkillBox/Blacksmith/blacksmith/Blacksmith_client
C:/Users/Admin/Desktop/SkillBox/Blacksmith/blacksmith/Blacksmith_client
Using Asset Import Pipeline V2.
Refreshing native plugins compatible for Editor in 60.02 ms, found 0 plugins.
Preloading 0 native plugins for Editor in 0.00 ms.
Initialize engine version: 2020.2.1f1 (270dd8c3da1c)
[Subsystems] Discovering subsystems at path C:/Unity/2020.2.1f1/Editor/Data/Resources/UnitySubsystems
[Subsystems] Discovering subsystems at path C:/Users/Admin/Desktop/SkillBox/Blacksmith/blacksmith/Blacksmith_client/Assets
GfxDevice: creating device client; threaded=0
Direct3D:
    Version:  Direct3D 11.0 [level 11.0]
    Renderer: NVIDIA GeForce GT 750M (ID=0xfe4)
    Vendor:   
    VRAM:     2009 MB
    Driver:   25.21.14.2531
Shader 'Universal Render Pipeline/Particles/Lit': fallback shader 'Universal Render Pipeline/Particles/SimpleLit' not found
Initialize mono
Mono path[0] = 'C:/Unity/2020.2.1f1/Editor/Data/Managed'
Mono path[1] = 'C:/Unity/2020.2.1f1/Editor/Data/MonoBleedingEdge/lib/mono/unityjit'
Mono config path = 'C:/Unity/2020.2.1f1/Editor/Data/MonoBleedingEdge/etc'
Using monoOptions --debugger-agent=transport=dt_socket,embedding=1,server=y,suspend=n,address=127.0.0.1:56540
Begin MonoManager ReloadAssembly
Registering precompiled unity dll's ...
Register platform support module: C:/Unity/2020.2.1f1/Editor/Data/PlaybackEngines/WebGLSupport/UnityEditor.WebGL.Extensions.dll
Register platform support module: C:/Unity/2020.2.1f1/Editor/Data/PlaybackEngines/WindowsStandaloneSupport/UnityEditor.WindowsStandalone.Extensions.dll
Registered in 0.004782 seconds.
Native extension for WindowsStandalone target not found
Native extension for WebGL target not found
Refreshing native plugins compatible for Editor in 51.95 ms, found 0 plugins.
Preloading 0 native plugins for Editor in 0.00 ms.
Invoked RoslynAnalysisRunner static constructor.
RoslynAnalysisRunner will not be running.
RoslynAnalysisRunner has terminated.
Mono: successfully reloaded assembly
- Completed reload, in  4.216 seconds
Platform modules already initialized, skipping
Registering precompiled user dll's ...
Registered in 0.002483 seconds.
Begin MonoManager ReloadAssembly
Native extension for WindowsStandalone target not found
Native extension for WebGL target not found
Refreshing native plugins compatible for Editor in 58.41 ms, found 0 plugins.
Preloading 0 native plugins for Editor in 0.00 ms.
Invoked RoslynAnalysisRunner static constructor.
RoslynAnalysisRunner will not be running.
RoslynAnalysisRunner has terminated.
Mono: successfully reloaded assembly
- Completed reload, in  1.244 seconds
Platform modules already initialized, skipping
========================================================================
Worker process is ready to serve import requests
Shader 'Universal Render Pipeline/Particles/Lit': fallback shader 'Universal Render Pipeline/Particles/SimpleLit' not found
Launched and connected shader compiler UnityShaderCompiler.exe after 0.05 seconds
Refreshing native plugins compatible for Editor in 0.53 ms, found 0 plugins.
Preloading 0 native plugins for Editor in 0.00 ms.
Unloading 2391 Unused Serialized files (Serialized files now loaded: 0)
System memory in use before: 112.7 MB.
System memory in use after: 112.9 MB.

Unloading 10 unused Assets to reduce memory usage. Loaded Objects now: 2835.
Total: 2.777800 ms (FindLiveObjects: 0.319900 ms CreateObjectMapping: 0.179500 ms MarkObjects: 2.173800 ms  DeleteObjects: 0.103100 ms)

========================================================================
Received Prepare
Shader 'Universal Render Pipeline/Particles/Lit': fallback shader 'Universal Render Pipeline/Particles/SimpleLit' not found
Refreshing native plugins compatible for Editor in 2.02 ms, found 0 plugins.
Preloading 0 native plugins for Editor in 0.00 ms.
Unloading 3 Unused Serialized files (Serialized files now loaded: 0)
System memory in use before: 61.6 MB.
System memory in use after: 61.8 MB.

Unloading 3 unused Assets to reduce memory usage. Loaded Objects now: 2835.
Total: 2.878800 ms (FindLiveObjects: 0.350300 ms CreateObjectMapping: 0.258100 ms MarkObjects: 2.252200 ms  DeleteObjects: 0.016400 ms)

========================================================================
Received Import Request.
  path: Assets/Prefabs/Levels/Level_1_4.prefab
  artifactKey: Guid(68b754c1b777190479b29d716261f5eb) Importer(815301076,1909f56bfc062723c751e8b465ee728b)
Start importing Assets/Prefabs/Levels/Level_1_4.prefab using Guid(68b754c1b777190479b29d716261f5eb) Importer(815301076,1909f56bfc062723c751e8b465ee728b)  -> (artifact id: 'c8ef87f6804f03202e7bd7a82feece6a') in 0.721600 seconds
  Import took 0.766724 seconds .

========================================================================
Received Import Request.
  Time since last request: 0.019360 seconds.
  path: Assets/Prefabs/Levels/Level_1_3.prefab
  artifactKey: Guid(eaf9e53209eaa754a922a7bead5ec482) Importer(815301076,1909f56bfc062723c751e8b465ee728b)
Start importing Assets/Prefabs/Levels/Level_1_3.prefab using Guid(eaf9e53209eaa754a922a7bead5ec482) Importer(815301076,1909f56bfc062723c751e8b465ee728b)  -> (artifact id: '731d89f5846202c566a1da34821ed816') in 0.046232 seconds
  Import took 0.080518 seconds .

========================================================================
Received Import Request.
  Time since last request: 0.000511 seconds.
  path: Assets/Prefabs/Levels/Level_0_2.prefab
  artifactKey: Guid(9548c56912f1da4498456e439fd3ce90) Importer(815301076,1909f56bfc062723c751e8b465ee728b)
Start importing Assets/Prefabs/Levels/Level_0_2.prefab using Guid(9548c56912f1da4498456e439fd3ce90) Importer(815301076,1909f56bfc062723c751e8b465ee728b)  -> (artifact id: 'c9e707c77d4558ea379b66861aa97efc') in 0.029420 seconds
  Import took 0.062088 seconds .

========================================================================
Received Import Request.
  Time since last request: 0.000333 seconds.
  path: Assets/Prefabs/Levels/Level_1_5.prefab
  artifactKey: Guid(752b09e6d540e154e83e4b47d23d1dc6) Importer(815301076,1909f56bfc062723c751e8b465ee728b)
Start importing Assets/Prefabs/Levels/Level_1_5.prefab using Guid(752b09e6d540e154e83e4b47d23d1dc6) Importer(815301076,1909f56bfc062723c751e8b465ee728b)  -> (artifact id: 'eabb6557fa4eba31b0560f9734e1755a') in 0.041535 seconds
  Import took 0.117101 seconds .

========================================================================
Received Import Request.
  Time since last request: 0.000505 seconds.
  path: Assets/Prefabs/Levels/Level_1_6.prefab
  artifactKey: Guid(ccb5ab25ca1c2264a99cadcff6edb339) Importer(815301076,1909f56bfc062723c751e8b465ee728b)
Start importing Assets/Prefabs/Levels/Level_1_6.prefab using Guid(ccb5ab25ca1c2264a99cadcff6edb339) Importer(815301076,1909f56bfc062723c751e8b465ee728b)  -> (artifact id: '025d29f7613dc7f78588b2b3f6e2bd17') in 0.023936 seconds
  Import took 0.065327 seconds .

========================================================================
Received Import Request.
  Time since last request: 0.000354 seconds.
  path: Assets/Prefabs/Levels/Level_0_3.prefab
  artifactKey: Guid(5d2438aa987d3be45959daab9f4d20f8) Importer(815301076,1909f56bfc062723c751e8b465ee728b)
Start importing Assets/Prefabs/Levels/Level_0_3.prefab using Guid(5d2438aa987d3be45959daab9f4d20f8) Importer(815301076,1909f56bfc062723c751e8b465ee728b)  -> (artifact id: '1cfeded44b3f93618006d98f4f242024') in 0.019395 seconds
  Import took 0.033813 seconds .

========================================================================
Received Import Request.
  Time since last request: 0.000452 seconds.
  path: Assets/Prefabs/Levels/Level_0_1.prefab
  artifactKey: Guid(82154370532b26340b32275e6c98ae3e) Importer(815301076,1909f56bfc062723c751e8b465ee728b)
Start importing Assets/Prefabs/Levels/Level_0_1.prefab using Guid(82154370532b26340b32275e6c98ae3e) Importer(815301076,1909f56bfc062723c751e8b465ee728b)  -> (artifact id: 'bac593b9044f4e7495936da8ab805e8b') in 0.027704 seconds
  Import took 0.045976 seconds .

========================================================================
Received Import Request.
  Time since last request: 0.000376 seconds.
  path: Assets/Prefabs/Levels/Level_0_4.prefab
  artifactKey: Guid(29a460c913dcd6b43b96dd156bafc8a6) Importer(815301076,1909f56bfc062723c751e8b465ee728b)
Start importing Assets/Prefabs/Levels/Level_0_4.prefab using Guid(29a460c913dcd6b43b96dd156bafc8a6) Importer(815301076,1909f56bfc062723c751e8b465ee728b)  -> (artifact id: '2cc7bbb03b8719b3266173242c66766a') in 0.021207 seconds
  Import took 0.027536 seconds .

========================================================================
Received Import Request.
  Time since last request: 0.000354 seconds.
  path: Assets/Prefabs/Levels/Level_1_1.prefab
  artifactKey: Guid(e543a1fff0a41074f829a9e3a796b968) Importer(815301076,1909f56bfc062723c751e8b465ee728b)
Start importing Assets/Prefabs/Levels/Level_1_1.prefab using Guid(e543a1fff0a41074f829a9e3a796b968) Importer(815301076,1909f56bfc062723c751e8b465ee728b)  -> (artifact id: '95d75184e5edfb3b5d7dc4313549d990') in 0.019700 seconds
  Import took 0.056192 seconds .

========================================================================
Received Import Request.
  Time since last request: 0.000304 seconds.
  path: Assets/Prefabs/Levels/Level_1_2.prefab
  artifactKey: Guid(155663ce9cb9ffe498c22eaebb0cfd8a) Importer(815301076,1909f56bfc062723c751e8b465ee728b)
Start importing Assets/Prefabs/Levels/Level_1_2.prefab using Guid(155663ce9cb9ffe498c22eaebb0cfd8a) Importer(815301076,1909f56bfc062723c751e8b465ee728b)  -> (artifact id: '02fb8a1cdc8004a3195d422fc9883f86') in 0.017826 seconds
  Import took 0.023439 seconds .

