21:46:14:958 [08608] | INFO  | Initializing crosire's ReShade version '4.1.0.491' (32-bit) built on '2019-01-21 00:12:33' loaded from "D:\\games\\Silent Hill 2\\d3d9.dll" to "D:\\games\\Silent Hill 2\\sh2pc.exe" ...
21:46:15:092 [08608] | INFO  | Registering hooks for "user32.dll" ...
21:46:15:093 [08608] | INFO  | > Libraries loaded.
21:46:15:093 [08608] | INFO  | > Found 13 match(es). Installing ...
21:46:15:127 [08608] | INFO  | Registering hooks for "ws2_32.dll" ...
21:46:15:127 [08608] | INFO  | > Delayed.
21:46:15:127 [08608] | INFO  | Registering hooks for "C:\\WINDOWS\\system32\\d3d9.dll" ...
21:46:15:127 [08608] | INFO  | > Delayed until first call to an exported function.
21:46:15:127 [08608] | INFO  | Registering hooks for "C:\\WINDOWS\\system32\\d3d10.dll" ...
21:46:15:127 [08608] | INFO  | > Delayed.
21:46:15:127 [08608] | INFO  | Registering hooks for "C:\\WINDOWS\\system32\\d3d10_1.dll" ...
21:46:15:127 [08608] | INFO  | > Delayed.
21:46:15:127 [08608] | INFO  | Registering hooks for "C:\\WINDOWS\\system32\\d3d11.dll" ...
21:46:15:128 [08608] | INFO  | > Delayed.
21:46:15:128 [08608] | INFO  | Registering hooks for "C:\\WINDOWS\\system32\\dxgi.dll" ...
21:46:15:128 [08608] | INFO  | > Delayed.
21:46:15:128 [08608] | INFO  | Registering hooks for "C:\\WINDOWS\\system32\\opengl32.dll" ...
21:46:15:128 [08608] | INFO  | > Delayed.
21:46:15:128 [08608] | INFO  | Initialized.
21:46:15:353 [08608] | INFO  | Installing delayed hooks for "ws2_32.dll" (Just loaded via 'LoadLibrary("C:\\Users\\111\\AppData\\Local\\Temp\\~tmp_sh2_enhce\\d3d8.asi")') ...
21:46:15:353 [08608] | INFO  | > Found 8 match(es). Installing ...
21:46:15:525 [08608] | INFO  | Redirecting 'RegisterClassExA(0019FEA4)' ...
21:46:15:525 [08608] | INFO  | > Adding 'CS_OWNDC' window class style flag to 'SH2PC Class'.
21:46:15:659 [08608] | INFO  | Redirecting 'Direct3DCreate9(32)' ...
21:46:15:663 [08608] | INFO  | Installing export hooks for "C:\\WINDOWS\\system32\\d3d9.dll" ...
21:46:15:663 [08608] | INFO  | > Found 9 match(es). Installing ...
21:46:18:022 [08608] | INFO  | Redirecting 'IDirect3D9::CreateDevice(025CB380, 0, 1, 00070826, 0x40, 0019FCD4, 0019FD0C)' ...
21:46:18:022 [08608] | INFO  | > Dumping presentation parameters:
21:46:18:022 [08608] | INFO  |   +-----------------------------------------+-----------------------------------------+
21:46:18:022 [08608] | INFO  |   | Parameter                               | Value                                   |
21:46:18:022 [08608] | INFO  |   +-----------------------------------------+-----------------------------------------+
21:46:18:022 [08608] | INFO  |   | BackBufferWidth                         | 1920                                    |
21:46:18:022 [08608] | INFO  |   | BackBufferHeight                        | 1080                                    |
21:46:18:022 [08608] | INFO  |   | BackBufferFormat                        | 21                                      |
21:46:18:022 [08608] | INFO  |   | BackBufferCount                         | 1                                       |
21:46:18:022 [08608] | INFO  |   | MultiSampleType                         | 0                                       |
21:46:18:022 [08608] | INFO  |   | MultiSampleQuality                      | 0                                       |
21:46:18:022 [08608] | INFO  |   | SwapEffect                              | 1                                       |
21:46:18:022 [08608] | INFO  |   | DeviceWindow                            | 00000000                                |
21:46:18:022 [08608] | INFO  |   | Windowed                                | TRUE                                    |
21:46:18:022 [08608] | INFO  |   | EnableAutoDepthStencil                  | TRUE                                    |
21:46:18:022 [08608] | INFO  |   | AutoDepthStencilFormat                  | 75                                      |
21:46:18:022 [08608] | INFO  |   | Flags                                   | 0x1                                     |
21:46:18:022 [08608] | INFO  |   | FullScreen_RefreshRateInHz              | 0                                       |
21:46:18:022 [08608] | INFO  |   | PresentationInterval                    | 0x1                                     |
21:46:18:022 [08608] | INFO  |   +-----------------------------------------+-----------------------------------------+
21:46:18:217 [08200] | INFO  | Redirecting 'RegisterClassExW(058DF0B4)' ...
21:46:18:217 [08200] | INFO  | > Adding 'CS_OWNDC' window class style flag to 'DirectUIHWND'.
21:46:18:222 [08200] | INFO  | Redirecting 'RegisterClassExW(058DEEBC)' ...
21:46:18:222 [08200] | INFO  | > Adding 'CS_OWNDC' window class style flag to 'CtrlNotifySink'.
21:46:18:952 [08608] | INFO  | Recreated runtime environment on runtime 074255A8.
21:46:18:963 [04832] | INFO  | Successfully loaded "D:\\games\\Silent Hill 2\\reshade-shaders\\Shaders\\DPX.fx".
21:46:18:971 [12116] | INFO  | Successfully loaded "D:\\games\\Silent Hill 2\\reshade-shaders\\Shaders\\HQ4X.fx".
21:46:18:973 [10836] | INFO  | Successfully loaded "D:\\games\\Silent Hill 2\\reshade-shaders\\Shaders\\Levels.fx".
21:46:18:989 [06888] | INFO  | Successfully loaded "D:\\games\\Silent Hill 2\\reshade-shaders\\Shaders\\SMAA.fx".
21:46:20:192 [08608] | INFO  | Loading image files for textures ...
22:58:05:993 [08608] | INFO  | Destroyed runtime environment on runtime 074255A8.
22:58:05:995 [08608] | WARN  | Reference count for 'IDirect3DDevice9' object 074584A8 is inconsistent: 185, but expected 0.
22:58:06:119 [08608] | INFO  | Exiting ...
22:58:06:119 [08608] | INFO  | Uninstalling 35 hook(s) ...
22:58:06:146 [08608] | INFO  | Exited.
